info: UserController init... {"timestamp":"2024-03-01T14:17:52.542Z"}
info: UserController {/api/v1/user}: {"context":"RoutesResolver","timestamp":"2024-03-01T14:17:52.562Z"}
info: Mapped {/api/v1/user, GET} route {"context":"RouterExplorer","timestamp":"2024-03-01T14:17:52.564Z"}
info: Mapped {/api/v1/user, POST} route {"context":"RouterExplorer","timestamp":"2024-03-01T14:17:52.565Z"}
info: Mapped {/api/v1/user, PATCH} route {"context":"RouterExplorer","timestamp":"2024-03-01T14:17:52.566Z"}
info: Mapped {/api/v1/user, DELETE} route {"context":"RouterExplorer","timestamp":"2024-03-01T14:17:52.566Z"}
info: Mapped {/api/v1/user/profile, GET} route {"context":"RouterExplorer","timestamp":"2024-03-01T14:17:52.567Z"}
info: Mapped {/api/v1/user/logs, GET} route {"context":"RouterExplorer","timestamp":"2024-03-01T14:17:52.567Z"}
info: Mapped {/api/v1/user/logsByGroup, GET} route {"context":"RouterExplorer","timestamp":"2024-03-01T14:17:52.568Z"}
info: RangeController {/api/v1/range}: {"context":"RoutesResolver","timestamp":"2024-03-01T14:17:52.568Z"}
info: Mapped {/api/v1/range, GET} route {"context":"RouterExplorer","timestamp":"2024-03-01T14:17:52.569Z"}
info: Mapped {/api/v1/range/:id, GET} route {"context":"RouterExplorer","timestamp":"2024-03-01T14:17:52.570Z"}
info: Nest application successfully started {"context":"NestApplication","timestamp":"2024-03-01T14:17:52.572Z"}
info: UserController init... {"timestamp":"2024-03-01T14:21:19.713Z"}
info: UserController {/api/v1/user}: {"context":"RoutesResolver","timestamp":"2024-03-01T14:21:19.732Z"}
info: Mapped {/api/v1/user, GET} route {"context":"RouterExplorer","timestamp":"2024-03-01T14:21:19.735Z"}
info: Mapped {/api/v1/user, POST} route {"context":"RouterExplorer","timestamp":"2024-03-01T14:21:19.735Z"}
info: Mapped {/api/v1/user, PATCH} route {"context":"RouterExplorer","timestamp":"2024-03-01T14:21:19.736Z"}
info: Mapped {/api/v1/user, DELETE} route {"context":"RouterExplorer","timestamp":"2024-03-01T14:21:19.736Z"}
info: Mapped {/api/v1/user/profile, GET} route {"context":"RouterExplorer","timestamp":"2024-03-01T14:21:19.737Z"}
info: Mapped {/api/v1/user/logs, GET} route {"context":"RouterExplorer","timestamp":"2024-03-01T14:21:19.738Z"}
info: Mapped {/api/v1/user/logsByGroup, GET} route {"context":"RouterExplorer","timestamp":"2024-03-01T14:21:19.738Z"}
info: RangeController {/api/v1/range}: {"context":"RoutesResolver","timestamp":"2024-03-01T14:21:19.739Z"}
info: Mapped {/api/v1/range, GET} route {"context":"RouterExplorer","timestamp":"2024-03-01T14:21:19.739Z"}
info: Mapped {/api/v1/range/:id, GET} route {"context":"RouterExplorer","timestamp":"2024-03-01T14:21:19.740Z"}
info: Nest application successfully started {"context":"NestApplication","timestamp":"2024-03-01T14:21:19.742Z"}
info: UserController init... {"timestamp":"2024-03-01T14:22:15.835Z"}
info: UserController {/api/v1/user}: {"context":"RoutesResolver","timestamp":"2024-03-01T14:22:15.851Z"}
info: Mapped {/api/v1/user, GET} route {"context":"RouterExplorer","timestamp":"2024-03-01T14:22:15.853Z"}
info: Mapped {/api/v1/user, POST} route {"context":"RouterExplorer","timestamp":"2024-03-01T14:22:15.853Z"}
info: Mapped {/api/v1/user, PATCH} route {"context":"RouterExplorer","timestamp":"2024-03-01T14:22:15.854Z"}
info: Mapped {/api/v1/user, DELETE} route {"context":"RouterExplorer","timestamp":"2024-03-01T14:22:15.854Z"}
info: Mapped {/api/v1/user/profile, GET} route {"context":"RouterExplorer","timestamp":"2024-03-01T14:22:15.855Z"}
info: Mapped {/api/v1/user/logs, GET} route {"context":"RouterExplorer","timestamp":"2024-03-01T14:22:15.855Z"}
info: Mapped {/api/v1/user/logsByGroup, GET} route {"context":"RouterExplorer","timestamp":"2024-03-01T14:22:15.856Z"}
info: RangeController {/api/v1/range}: {"context":"RoutesResolver","timestamp":"2024-03-01T14:22:15.856Z"}
info: Mapped {/api/v1/range, GET} route {"context":"RouterExplorer","timestamp":"2024-03-01T14:22:15.857Z"}
info: Mapped {/api/v1/range/:id, GET} route {"context":"RouterExplorer","timestamp":"2024-03-01T14:22:15.858Z"}
info: Nest application successfully started {"context":"NestApplication","timestamp":"2024-03-01T14:22:15.860Z"}
info: UserController init... {"timestamp":"2024-03-01T14:30:24.004Z"}
info: UserController {/api/v1/user}: {"context":"RoutesResolver","timestamp":"2024-03-01T14:30:24.029Z"}
info: Mapped {/api/v1/user, GET} route {"context":"RouterExplorer","timestamp":"2024-03-01T14:30:24.034Z"}
info: Mapped {/api/v1/user, POST} route {"context":"RouterExplorer","timestamp":"2024-03-01T14:30:24.036Z"}
info: Mapped {/api/v1/user, PATCH} route {"context":"RouterExplorer","timestamp":"2024-03-01T14:30:24.037Z"}
info: Mapped {/api/v1/user, DELETE} route {"context":"RouterExplorer","timestamp":"2024-03-01T14:30:24.038Z"}
info: Mapped {/api/v1/user/profile, GET} route {"context":"RouterExplorer","timestamp":"2024-03-01T14:30:24.039Z"}
info: Mapped {/api/v1/user/logs, GET} route {"context":"RouterExplorer","timestamp":"2024-03-01T14:30:24.039Z"}
info: Mapped {/api/v1/user/logsByGroup, GET} route {"context":"RouterExplorer","timestamp":"2024-03-01T14:30:24.040Z"}
info: RangeController {/api/v1/range}: {"context":"RoutesResolver","timestamp":"2024-03-01T14:30:24.041Z"}
info: Mapped {/api/v1/range, GET} route {"context":"RouterExplorer","timestamp":"2024-03-01T14:30:24.042Z"}
info: Mapped {/api/v1/range/:id, GET} route {"context":"RouterExplorer","timestamp":"2024-03-01T14:30:24.043Z"}
info: Nest application successfully started {"context":"NestApplication","timestamp":"2024-03-01T14:30:24.047Z"}
