{"context":"NestFactory","level":"info","message":"Starting Nest application..."}
{"context":"InstanceLoader","level":"info","message":"TypeOrmModule dependencies initialized"}
{"context":"InstanceLoader","level":"info","message":"AppModule dependencies initialized"}
{"context":"InstanceLoader","level":"info","message":"ConfigHostModule dependencies initialized"}
{"context":"InstanceLoader","level":"info","message":"WinstonModule dependencies initialized"}
{"context":"InstanceLoader","level":"info","message":"RangeModule dependencies initialized"}
{"context":"InstanceLoader","level":"info","message":"ConfigModule dependencies initialized"}
{"context":"InstanceLoader","level":"info","message":"ConfigModule dependencies initialized"}
{"context":"InstanceLoader","level":"info","message":"TypeOrmCoreModule dependencies initialized"}
{"context":"InstanceLoader","level":"info","message":"TypeOrmModule dependencies initialized"}
{"level":"info","message":"UserController init..."}
{"context":"InstanceLoader","level":"info","message":"UserModule dependencies initialized"}
{"context":"RoutesResolver","level":"info","message":"UserController {/api/v1/user}:"}
{"context":"RouterExplorer","level":"info","message":"Mapped {/api/v1/user, GET} route"}
{"context":"RouterExplorer","level":"info","message":"Mapped {/api/v1/user, POST} route"}
{"context":"RouterExplorer","level":"info","message":"Mapped {/api/v1/user, PATCH} route"}
{"context":"RouterExplorer","level":"info","message":"Mapped {/api/v1/user, DELETE} route"}
{"context":"RouterExplorer","level":"info","message":"Mapped {/api/v1/user/profile, GET} route"}
{"context":"RouterExplorer","level":"info","message":"Mapped {/api/v1/user/logs, GET} route"}
{"context":"RouterExplorer","level":"info","message":"Mapped {/api/v1/user/logsByGroup, GET} route"}
{"context":"RoutesResolver","level":"info","message":"RangeController {/api/v1/range}:"}
{"context":"RouterExplorer","level":"info","message":"Mapped {/api/v1/range, GET} route"}
{"context":"RouterExplorer","level":"info","message":"Mapped {/api/v1/range/:id, GET} route"}
{"context":"NestApplication","level":"info","message":"Nest application successfully started"}
[32m[NestWinston][39m [33mInfo[39m	2024/3/1 17:48:30 [33m[NestFactory][39m [32mStarting Nest application...[39m
[32m[NestWinston][39m [33mInfo[39m	2024/3/1 17:48:30 [33m[InstanceLoader][39m [32mTypeOrmModule dependencies initialized[39m
[32m[NestWinston][39m [33mInfo[39m	2024/3/1 17:48:30 [33m[InstanceLoader][39m [32mAppModule dependencies initialized[39m
[32m[NestWinston][39m [33mInfo[39m	2024/3/1 17:48:30 [33m[InstanceLoader][39m [32mConfigHostModule dependencies initialized[39m
[32m[NestWinston][39m [33mInfo[39m	2024/3/1 17:48:30 [33m[InstanceLoader][39m [32mWinstonModule dependencies initialized[39m
[32m[NestWinston][39m [33mInfo[39m	2024/3/1 17:48:30 [33m[InstanceLoader][39m [32mRangeModule dependencies initialized[39m
[32m[NestWinston][39m [33mInfo[39m	2024/3/1 17:48:30 [33m[InstanceLoader][39m [32mConfigModule dependencies initialized[39m
[32m[NestWinston][39m [33mInfo[39m	2024/3/1 17:48:30 [33m[InstanceLoader][39m [32mConfigModule dependencies initialized[39m
[32m[NestWinston][39m [33mInfo[39m	2024/3/1 17:48:30 [33m[InstanceLoader][39m [32mTypeOrmCoreModule dependencies initialized[39m
[32m[NestWinston][39m [33mInfo[39m	2024/3/1 17:48:30 [33m[InstanceLoader][39m [32mTypeOrmModule dependencies initialized[39m
[32m[NestWinston][39m [33mInfo[39m	2024/3/1 17:48:30 [32mUserController init...[39m
[32m[NestWinston][39m [33mInfo[39m	2024/3/1 17:48:30 [33m[InstanceLoader][39m [32mUserModule dependencies initialized[39m
[32m[NestWinston][39m [33mInfo[39m	2024/3/1 17:48:30 [33m[RoutesResolver][39m [32mUserController {/api/v1/user}:[39m
[32m[NestWinston][39m [33mInfo[39m	2024/3/1 17:48:30 [33m[RouterExplorer][39m [32mMapped {/api/v1/user, GET} route[39m
[32m[NestWinston][39m [33mInfo[39m	2024/3/1 17:48:30 [33m[RouterExplorer][39m [32mMapped {/api/v1/user, POST} route[39m
[32m[NestWinston][39m [33mInfo[39m	2024/3/1 17:48:30 [33m[RouterExplorer][39m [32mMapped {/api/v1/user, PATCH} route[39m
[32m[NestWinston][39m [33mInfo[39m	2024/3/1 17:48:30 [33m[RouterExplorer][39m [32mMapped {/api/v1/user, DELETE} route[39m
[32m[NestWinston][39m [33mInfo[39m	2024/3/1 17:48:30 [33m[RouterExplorer][39m [32mMapped {/api/v1/user/profile, GET} route[39m
[32m[NestWinston][39m [33mInfo[39m	2024/3/1 17:48:30 [33m[RouterExplorer][39m [32mMapped {/api/v1/user/logs, GET} route[39m
[32m[NestWinston][39m [33mInfo[39m	2024/3/1 17:48:30 [33m[RouterExplorer][39m [32mMapped {/api/v1/user/logsByGroup, GET} route[39m
[32m[NestWinston][39m [33mInfo[39m	2024/3/1 17:48:30 [33m[RoutesResolver][39m [32mRangeController {/api/v1/range}:[39m
[32m[NestWinston][39m [33mInfo[39m	2024/3/1 17:48:30 [33m[RouterExplorer][39m [32mMapped {/api/v1/range, GET} route[39m
[32m[NestWinston][39m [33mInfo[39m	2024/3/1 17:48:30 [33m[RouterExplorer][39m [32mMapped {/api/v1/range/:id, GET} route[39m
[32m[NestWinston][39m [33mInfo[39m	2024/3/1 17:48:30 [33m[NestApplication][39m [32mNest application successfully started[39m
[32m[NestWinston][39m [33mInfo[39m	2024/3/1 17:49:35 [33m[NestFactory][39m [32mStarting Nest application...[39m
[32m[NestWinston][39m [33mInfo[39m	2024/3/1 17:49:35 [33m[InstanceLoader][39m [32mTypeOrmModule dependencies initialized[39m
[32m[NestWinston][39m [33mInfo[39m	2024/3/1 17:49:35 [33m[InstanceLoader][39m [32mAppModule dependencies initialized[39m
[32m[NestWinston][39m [33mInfo[39m	2024/3/1 17:49:35 [33m[InstanceLoader][39m [32mConfigHostModule dependencies initialized[39m
[32m[NestWinston][39m [33mInfo[39m	2024/3/1 17:49:35 [33m[InstanceLoader][39m [32mWinstonModule dependencies initialized[39m
[32m[NestWinston][39m [33mInfo[39m	2024/3/1 17:49:35 [33m[InstanceLoader][39m [32mRangeModule dependencies initialized[39m
[32m[NestWinston][39m [33mInfo[39m	2024/3/1 17:49:35 [33m[InstanceLoader][39m [32mConfigModule dependencies initialized[39m
[32m[NestWinston][39m [33mInfo[39m	2024/3/1 17:49:35 [33m[InstanceLoader][39m [32mConfigModule dependencies initialized[39m
[32m[NestWinston][39m [33mInfo[39m	2024/3/1 17:49:35 [33m[InstanceLoader][39m [32mTypeOrmCoreModule dependencies initialized[39m
[32m[NestWinston][39m [33mInfo[39m	2024/3/1 17:49:35 [33m[InstanceLoader][39m [32mTypeOrmModule dependencies initialized[39m
[32m[NestWinston][39m [33mInfo[39m	2024/3/1 17:49:35 [32mUserController init...[39m
[32m[NestWinston][39m [33mInfo[39m	2024/3/1 17:49:35 [33m[InstanceLoader][39m [32mUserModule dependencies initialized[39m
[32m[NestWinston][39m [33mInfo[39m	2024/3/1 17:49:35 [33m[RoutesResolver][39m [32mUserController {/api/v1/user}:[39m
[32m[NestWinston][39m [33mInfo[39m	2024/3/1 17:49:35 [33m[RouterExplorer][39m [32mMapped {/api/v1/user, GET} route[39m
[32m[NestWinston][39m [33mInfo[39m	2024/3/1 17:49:35 [33m[RouterExplorer][39m [32mMapped {/api/v1/user, POST} route[39m
[32m[NestWinston][39m [33mInfo[39m	2024/3/1 17:49:35 [33m[RouterExplorer][39m [32mMapped {/api/v1/user, PATCH} route[39m
[32m[NestWinston][39m [33mInfo[39m	2024/3/1 17:49:35 [33m[RouterExplorer][39m [32mMapped {/api/v1/user, DELETE} route[39m
[32m[NestWinston][39m [33mInfo[39m	2024/3/1 17:49:35 [33m[RouterExplorer][39m [32mMapped {/api/v1/user/profile, GET} route[39m
[32m[NestWinston][39m [33mInfo[39m	2024/3/1 17:49:35 [33m[RouterExplorer][39m [32mMapped {/api/v1/user/logs, GET} route[39m
[32m[NestWinston][39m [33mInfo[39m	2024/3/1 17:49:35 [33m[RouterExplorer][39m [32mMapped {/api/v1/user/logsByGroup, GET} route[39m
[32m[NestWinston][39m [33mInfo[39m	2024/3/1 17:49:35 [33m[RoutesResolver][39m [32mRangeController {/api/v1/range}:[39m
[32m[NestWinston][39m [33mInfo[39m	2024/3/1 17:49:35 [33m[RouterExplorer][39m [32mMapped {/api/v1/range, GET} route[39m
[32m[NestWinston][39m [33mInfo[39m	2024/3/1 17:49:35 [33m[RouterExplorer][39m [32mMapped {/api/v1/range/:id, GET} route[39m
[32m[NestWinston][39m [33mInfo[39m	2024/3/1 17:49:35 [33m[NestApplication][39m [32mNest application successfully started[39m
[32m[NestWinston][39m [33mInfo[39m	2024/3/1 17:50:14 [33m[NestFactory][39m [32mStarting Nest application...[39m
[32m[NestWinston][39m [33mInfo[39m	2024/3/1 17:50:14 [33m[InstanceLoader][39m [32mTypeOrmModule dependencies initialized[39m
[32m[NestWinston][39m [33mInfo[39m	2024/3/1 17:50:14 [33m[InstanceLoader][39m [32mAppModule dependencies initialized[39m
[32m[NestWinston][39m [33mInfo[39m	2024/3/1 17:50:14 [33m[InstanceLoader][39m [32mConfigHostModule dependencies initialized[39m
[32m[NestWinston][39m [33mInfo[39m	2024/3/1 17:50:14 [33m[InstanceLoader][39m [32mWinstonModule dependencies initialized[39m
[32m[NestWinston][39m [33mInfo[39m	2024/3/1 17:50:14 [33m[InstanceLoader][39m [32mRangeModule dependencies initialized[39m
[32m[NestWinston][39m [33mInfo[39m	2024/3/1 17:50:14 [33m[InstanceLoader][39m [32mConfigModule dependencies initialized[39m
[32m[NestWinston][39m [33mInfo[39m	2024/3/1 17:50:14 [33m[InstanceLoader][39m [32mConfigModule dependencies initialized[39m
[32m[NestWinston][39m [33mInfo[39m	2024/3/1 17:50:15 [33m[InstanceLoader][39m [32mTypeOrmCoreModule dependencies initialized[39m
[32m[NestWinston][39m [33mInfo[39m	2024/3/1 17:50:15 [33m[InstanceLoader][39m [32mTypeOrmModule dependencies initialized[39m
[32m[NestWinston][39m [33mInfo[39m	2024/3/1 17:50:15 [32mUserController init...[39m
[32m[NestWinston][39m [33mInfo[39m	2024/3/1 17:50:15 [33m[InstanceLoader][39m [32mUserModule dependencies initialized[39m
[32m[NestWinston][39m [33mInfo[39m	2024/3/1 17:50:15 [33m[RoutesResolver][39m [32mUserController {/api/v1/user}:[39m
[32m[NestWinston][39m [33mInfo[39m	2024/3/1 17:50:15 [33m[RouterExplorer][39m [32mMapped {/api/v1/user, GET} route[39m
[32m[NestWinston][39m [33mInfo[39m	2024/3/1 17:50:15 [33m[RouterExplorer][39m [32mMapped {/api/v1/user, POST} route[39m
[32m[NestWinston][39m [33mInfo[39m	2024/3/1 17:50:15 [33m[RouterExplorer][39m [32mMapped {/api/v1/user, PATCH} route[39m
[32m[NestWinston][39m [33mInfo[39m	2024/3/1 17:50:15 [33m[RouterExplorer][39m [32mMapped {/api/v1/user, DELETE} route[39m
[32m[NestWinston][39m [33mInfo[39m	2024/3/1 17:50:15 [33m[RouterExplorer][39m [32mMapped {/api/v1/user/profile, GET} route[39m
[32m[NestWinston][39m [33mInfo[39m	2024/3/1 17:50:15 [33m[RouterExplorer][39m [32mMapped {/api/v1/user/logs, GET} route[39m
[32m[NestWinston][39m [33mInfo[39m	2024/3/1 17:50:15 [33m[RouterExplorer][39m [32mMapped {/api/v1/user/logsByGroup, GET} route[39m
[32m[NestWinston][39m [33mInfo[39m	2024/3/1 17:50:15 [33m[RoutesResolver][39m [32mRangeController {/api/v1/range}:[39m
[32m[NestWinston][39m [33mInfo[39m	2024/3/1 17:50:15 [33m[RouterExplorer][39m [32mMapped {/api/v1/range, GET} route[39m
[32m[NestWinston][39m [33mInfo[39m	2024/3/1 17:50:15 [33m[RouterExplorer][39m [32mMapped {/api/v1/range/:id, GET} route[39m
[32m[NestWinston][39m [33mInfo[39m	2024/3/1 17:50:15 [33m[NestApplication][39m [32mNest application successfully started[39m
[32m[NestWinston][39m [33mInfo[39m	2024/3/1 17:50:48 [32m请求getUsers成功[39m
info: Starting Nest application... {"context":"NestFactory","timestamp":"2024-03-01T09:51:24.299Z"}
info: TypeOrmModule dependencies initialized {"context":"InstanceLoader","timestamp":"2024-03-01T09:51:24.309Z"}
info: AppModule dependencies initialized {"context":"InstanceLoader","timestamp":"2024-03-01T09:51:24.309Z"}
info: ConfigHostModule dependencies initialized {"context":"InstanceLoader","timestamp":"2024-03-01T09:51:24.309Z"}
info: WinstonModule dependencies initialized {"context":"InstanceLoader","timestamp":"2024-03-01T09:51:24.310Z"}
info: RangeModule dependencies initialized {"context":"InstanceLoader","timestamp":"2024-03-01T09:51:24.310Z"}
info: ConfigModule dependencies initialized {"context":"InstanceLoader","timestamp":"2024-03-01T09:51:24.310Z"}
info: ConfigModule dependencies initialized {"context":"InstanceLoader","timestamp":"2024-03-01T09:51:24.310Z"}
info: TypeOrmCoreModule dependencies initialized {"context":"InstanceLoader","timestamp":"2024-03-01T09:51:24.493Z"}
info: TypeOrmModule dependencies initialized {"context":"InstanceLoader","timestamp":"2024-03-01T09:51:24.494Z"}
info: UserController init... {"timestamp":"2024-03-01T09:51:24.495Z"}
info: UserModule dependencies initialized {"context":"InstanceLoader","timestamp":"2024-03-01T09:51:24.495Z"}
info: UserController {/api/v1/user}: {"context":"RoutesResolver","timestamp":"2024-03-01T09:51:24.511Z"}
info: Mapped {/api/v1/user, GET} route {"context":"RouterExplorer","timestamp":"2024-03-01T09:51:24.512Z"}
info: Mapped {/api/v1/user, POST} route {"context":"RouterExplorer","timestamp":"2024-03-01T09:51:24.513Z"}
info: Mapped {/api/v1/user, PATCH} route {"context":"RouterExplorer","timestamp":"2024-03-01T09:51:24.514Z"}
info: Mapped {/api/v1/user, DELETE} route {"context":"RouterExplorer","timestamp":"2024-03-01T09:51:24.514Z"}
info: Mapped {/api/v1/user/profile, GET} route {"context":"RouterExplorer","timestamp":"2024-03-01T09:51:24.515Z"}
info: Mapped {/api/v1/user/logs, GET} route {"context":"RouterExplorer","timestamp":"2024-03-01T09:51:24.515Z"}
info: Mapped {/api/v1/user/logsByGroup, GET} route {"context":"RouterExplorer","timestamp":"2024-03-01T09:51:24.516Z"}
info: RangeController {/api/v1/range}: {"context":"RoutesResolver","timestamp":"2024-03-01T09:51:24.516Z"}
info: Mapped {/api/v1/range, GET} route {"context":"RouterExplorer","timestamp":"2024-03-01T09:51:24.517Z"}
info: Mapped {/api/v1/range/:id, GET} route {"context":"RouterExplorer","timestamp":"2024-03-01T09:51:24.517Z"}
info: Nest application successfully started {"context":"NestApplication","timestamp":"2024-03-01T09:51:24.519Z"}
info: 请求getUsers成功 {"timestamp":"2024-03-01T09:51:31.889Z"}
